Fetch 408 licenses...
20 / 408: backtrace-0.3.69
Missing License: /home/wolfgangw/dev/spamviech/zugkontrolle/licenses/block-0.1.6
	Repository: http://github.com/SSheldon/rust-block
	Announced License: MIT
40 / 408: cfg-if-1.0.0
Non-GitHub-Repository: None
Missing License: /home/wolfgangw/dev/spamviech/zugkontrolle/licenses/crunchy-0.2.2
	Repository: None
	Announced License: MIT
60 / 408: cursor-icon-1.1.0
Missing License: /home/wolfgangw/dev/spamviech/zugkontrolle/licenses/d3d12-0.6.0
	Repository: https://github.com/gfx-rs/d3d12-rs
	Announced License: MIT OR Apache-2.0
Missing License: /home/wolfgangw/dev/spamviech/zugkontrolle/licenses/dispatch-0.2.0
	Repository: http://github.com/SSheldon/rust-dispatch
	Announced License: MIT
80 / 408: fast-srgb8-1.0.0
100 / 408: gethostname-0.2.3
120 / 408: heck-0.4.1
Missing License: /home/wolfgangw/dev/spamviech/zugkontrolle/licenses/hexf-parse-0.2.1
	Repository: https://github.com/lifthrasiir/hexf
	Announced License: CC0-1.0
140 / 408: int-enum-1.0.1
160 / 408: lock_api-0.4.11
180 / 408: ndk-context-0.1.1
Missing License: /home/wolfgangw/dev/spamviech/zugkontrolle/licenses/objc-foundation-0.1.1
	Repository: http://github.com/SSheldon/rust-objc-foundation
	Announced License: MIT
Missing License: /home/wolfgangw/dev/spamviech/zugkontrolle/licenses/objc_exception-0.1.2
	Repository: http://github.com/SSheldon/rust-objc-exception
	Announced License: MIT
Missing License: /home/wolfgangw/dev/spamviech/zugkontrolle/licenses/objc_id-0.1.1
	Repository: http://github.com/SSheldon/rust-objc-id
	Announced License: MIT
200 / 408: objc_id-0.1.1
220 / 408: png-0.17.12
Missing License: /home/wolfgangw/dev/spamviech/zugkontrolle/licenses/range-alloc-0.1.3
	Repository: https://github.com/gfx-rs/range-alloc
	Announced License: MIT OR Apache-2.0
240 / 408: redox_syscall-0.4.1
260 / 408: slab-0.4.9
280 / 408: thiserror-impl-1.0.57
300 / 408: unicode-ccc-0.1.2
320 / 408: wasm-bindgen-shared-0.2.91
340 / 408: web-sys-0.3.68
Missing License: /home/wolfgangw/dev/spamviech/zugkontrolle/licenses/wgpu-0.16.3
	Repository: https://github.com/gfx-rs/wgpu
	Announced License: MIT OR Apache-2.0
Missing License: /home/wolfgangw/dev/spamviech/zugkontrolle/licenses/wgpu-core-0.16.1
	Repository: https://github.com/gfx-rs/wgpu
	Announced License: MIT OR Apache-2.0
Missing License: /home/wolfgangw/dev/spamviech/zugkontrolle/licenses/wgpu-hal-0.16.2
	Repository: https://github.com/gfx-rs/wgpu
	Announced License: MIT OR Apache-2.0
Missing License: /home/wolfgangw/dev/spamviech/zugkontrolle/licenses/wgpu-types-0.16.1
	Repository: https://github.com/gfx-rs/wgpu
	Announced License: MIT OR Apache-2.0
Missing License: /home/wolfgangw/dev/spamviech/zugkontrolle/licenses/winapi-wsapoll-0.1.1
	Repository: https://github.com/psychon/winapi-wsapoll
	Announced License: MIT OR Apache-2.0
360 / 408: windows_aarch64_gnullvm-0.42.2
380 / 408: windows_x86_64_msvc-0.52.0
Skip zugkontrolle-5.0.0
Skip zugkontrolle-anschluss-0.1.0
Skip zugkontrolle-application-0.1.0
400 / 408: zugkontrolle-application-0.1.0
Skip zugkontrolle-argumente-0.1.0
Skip zugkontrolle-gleis-0.1.0
Skip zugkontrolle-gleise-0.1.0
Skip zugkontrolle-id-0.1.0
Skip zugkontrolle-macros-5.0.0
Skip zugkontrolle-test-util-0.1.0
Skip zugkontrolle-typen-0.1.0
Skip zugkontrolle-util-0.1.0
