Fetch 476 licenses...
23 / 476: async-fs-2.1.2
Missing License: C:\Users\spamv\Desktop\zugkontrolle\zugkontrolle-macros\lizenzen\block-0.1.6
	Repository: http://github.com/SSheldon/rust-block
	Announced License: MIT
46 / 476: block-sys-0.2.1
Missing License: C:\Users\spamv\Desktop\zugkontrolle\zugkontrolle-macros\lizenzen\cesu8-1.1.0
	Repository: https://github.com/emk/cesu8-rs
	Announced License: Apache-2.0/MIT
69 / 476: cocoa-0.25.0
Non-GitHub-Repository: None
Missing License: C:\Users\spamv\Desktop\zugkontrolle\zugkontrolle-macros\lizenzen\crunchy-0.2.2
	Repository: None
	Announced License: MIT
Missing License: C:\Users\spamv\Desktop\zugkontrolle\zugkontrolle-macros\lizenzen\d3d12-0.19.0
	Repository: https://github.com/gfx-rs/wgpu/tree/trunk/d3d12
	Announced License: MIT OR Apache-2.0
Missing License: C:\Users\spamv\Desktop\zugkontrolle\zugkontrolle-macros\lizenzen\dispatch-0.2.0
	Repository: http://github.com/SSheldon/rust-dispatch
	Announced License: MIT
92 / 476: dispatch-0.2.0
115 / 476: event-listener-3.1.0
138 / 476: futures-io-0.3.30
161 / 476: half-2.4.1
Missing License: C:\Users\spamv\Desktop\zugkontrolle\zugkontrolle-macros\lizenzen\hexf-parse-0.2.1
	Repository: https://github.com/lifthrasiir/hexf
	Announced License: CC0-1.0
184 / 476: icrate-0.0.4
207 / 476: libloading-0.8.3
Missing License: C:\Users\spamv\Desktop\zugkontrolle\zugkontrolle-macros\lizenzen\naga-0.19.2
	Repository: https://github.com/gfx-rs/wgpu/tree/trunk/naga
	Announced License: MIT OR Apache-2.0
230 / 476: ndk-context-0.1.1
Missing License: C:\Users\spamv\Desktop\zugkontrolle\zugkontrolle-macros\lizenzen\objc-foundation-0.1.1
	Repository: http://github.com/SSheldon/rust-objc-foundation
	Announced License: MIT
Missing License: C:\Users\spamv\Desktop\zugkontrolle\zugkontrolle-macros\lizenzen\objc_exception-0.1.2
	Repository: http://github.com/SSheldon/rust-objc-exception
	Announced License: MIT
Missing License: C:\Users\spamv\Desktop\zugkontrolle\zugkontrolle-macros\lizenzen\objc_id-0.1.1
	Repository: http://github.com/SSheldon/rust-objc-id
	Announced License: MIT
Missing License: C:\Users\spamv\Desktop\zugkontrolle\zugkontrolle-macros\lizenzen\ouroboros-0.18.3
	Repository: https://github.com/someguynamedjosh/ouroboros
	Announced License: MIT OR Apache-2.0
Missing License: C:\Users\spamv\Desktop\zugkontrolle\zugkontrolle-macros\lizenzen\ouroboros_macro-0.18.3
	Repository: https://github.com/someguynamedjosh/ouroboros
	Announced License: MIT OR Apache-2.0
253 / 476: palette-0.7.5
276 / 476: proc-macro-crate-3.1.0
Missing License: C:\Users\spamv\Desktop\zugkontrolle\zugkontrolle-macros\lizenzen\range-alloc-0.1.3
	Repository: https://github.com/gfx-rs/range-alloc
	Announced License: MIT OR Apache-2.0
299 / 476: rppal-0.17.1
322 / 476: slab-0.4.9
345 / 476: tiny-skia-path-0.11.4
368 / 476: unicode-script-0.5.6
391 / 476: wayland-csd-frame-0.3.0
Missing License: C:\Users\spamv\Desktop\zugkontrolle\zugkontrolle-macros\lizenzen\wgpu-0.19.4
	Repository: https://github.com/gfx-rs/wgpu
	Announced License: MIT OR Apache-2.0
Missing License: C:\Users\spamv\Desktop\zugkontrolle\zugkontrolle-macros\lizenzen\wgpu-core-0.19.4
	Repository: https://github.com/gfx-rs/wgpu
	Announced License: MIT OR Apache-2.0
Missing License: C:\Users\spamv\Desktop\zugkontrolle\zugkontrolle-macros\lizenzen\wgpu-hal-0.19.4
	Repository: https://github.com/gfx-rs/wgpu
	Announced License: MIT OR Apache-2.0
Missing License: C:\Users\spamv\Desktop\zugkontrolle\zugkontrolle-macros\lizenzen\wgpu-types-0.19.2
	Repository: https://github.com/gfx-rs/wgpu
	Announced License: MIT OR Apache-2.0
414 / 476: windows-sys-0.52.0
437 / 476: windows_x86_64_msvc-0.42.2
460 / 476: zerocopy-derive-0.7.32
Skip zugkontrolle-5.0.1
Skip zugkontrolle-anschluss-1.0.1
Skip zugkontrolle-application-1.0.1
Skip zugkontrolle-argumente-1.0.1
Skip zugkontrolle-gleis-1.0.1
Skip zugkontrolle-gleise-1.0.1
Skip zugkontrolle-id-1.0.1
Skip zugkontrolle-lizenzen-1.0.0
Skip zugkontrolle-macros-5.0.1
Skip zugkontrolle-test-util-1.0.0
Skip zugkontrolle-typen-1.0.1
Skip zugkontrolle-util-1.0.0
Skip zugkontrolle-widget-1.0.1
